
*** Running vivado
    with args -log pcie_bd_qdma_0_0.vds -m64 -product Vivado -mode batch -messageDb vivado.pb -notrace -source pcie_bd_qdma_0_0.tcl


****** Vivado v2023.2 (64-bit)
  **** SW Build 4029153 on Fri Oct 13 20:13:54 MDT 2023
  **** IP Build 4028589 on Sat Oct 14 00:45:43 MDT 2023
  **** SharedData Build 4025554 on Tue Oct 10 17:18:54 MDT 2023
    ** Copyright 1986-2022 Xilinx, Inc. All Rights Reserved.
    ** Copyright 2022-2023 Advanced Micro Devices, Inc. All Rights Reserved.

source pcie_bd_qdma_0_0.tcl -notrace
create_project: Time (s): cpu = 00:00:11 ; elapsed = 00:00:19 . Memory (MB): peak = 1396.867 ; gain = 132.836 ; free physical = 5485 ; free virtual = 7971
INFO: [IP_Flow 19-6924] IPCACHE: Running cache check for IP inst: pcie_bd_qdma_0_0
Command: synth_design -top pcie_bd_qdma_0_0 -part xcvu9p-flga2104-2L-e -incremental_mode off -mode out_of_context
Starting synth_design
Attempting to get a license for feature 'Synthesis' and/or device 'xcvu9p'
INFO: [Common 17-349] Got license for feature 'Synthesis' and/or device 'xcvu9p'
INFO: [Device 21-403] Loading part xcvu9p-flga2104-2L-e
INFO: [Synth 8-7079] Multithreading enabled for synth_design using a maximum of 4 processes.
INFO: [Synth 8-7078] Launching helper process for spawning children vivado processes
INFO: [Synth 8-7075] Helper process launched with PID 30585
---------------------------------------------------------------------------------
Starting RTL Elaboration : Time (s): cpu = 00:00:09 ; elapsed = 00:00:19 . Memory (MB): peak = 2942.609 ; gain = 397.629 ; free physical = 180 ; free virtual = 2432
---------------------------------------------------------------------------------
INFO: [Synth 8-11241] undeclared symbol 'config_space_enable_rtl', assumed default net type 'wire' [/media/nisitha/My_Passport/MOODLE/P4_Networking/Compiler_design/P4_CMAC_QDMA/p4_cmac_qdma_implt/p4_cmac_qdma_implt.gen/sources_1/bd/pcie_bd/ip/pcie_bd_qdma_0_0/pcie_bd_qdma_0_0hdl/verilog/pcie_bd_qdma_0_0_core_top.sv:5811]
INFO: [Synth 8-11241] undeclared symbol 'cfg_config_space_enable', assumed default net type 'wire' [/media/nisitha/My_Passport/MOODLE/P4_Networking/Compiler_design/P4_CMAC_QDMA/p4_cmac_qdma_implt/p4_cmac_qdma_implt.gen/sources_1/bd/pcie_bd/ip/pcie_bd_qdma_0_0/pcie_bd_qdma_0_0hdl/verilog/pcie_bd_qdma_0_0_core_top.sv:6461]
INFO: [Synth 8-11241] undeclared symbol 'cfg_hot_reset_in', assumed default net type 'wire' [/media/nisitha/My_Passport/MOODLE/P4_Networking/Compiler_design/P4_CMAC_QDMA/p4_cmac_qdma_implt/p4_cmac_qdma_implt.gen/sources_1/bd/pcie_bd/ip/pcie_bd_qdma_0_0/pcie_bd_qdma_0_0hdl/verilog/pcie_bd_qdma_0_0_core_top.sv:6463]
INFO: [Synth 8-11241] undeclared symbol 'conf_mcap_design_switch_o', assumed default net type 'wire' [/media/nisitha/My_Passport/MOODLE/P4_Networking/Compiler_design/P4_CMAC_QDMA/p4_cmac_qdma_implt/p4_cmac_qdma_implt.gen/sources_1/bd/pcie_bd/ip/pcie_bd_qdma_0_0/ip_0/source/pcie_bd_qdma_0_0_pcie4_ip_pcie4_uscale_core_top.v:5693]
INFO: [Synth 8-6059] Synth Info: [XPM_MEMORY 20-2] MEMORY_INIT_FILE (none), MEMORY_INIT_PARAM together specify no memory initialization. Initial memory contents will be all 0's.   [/tools/Xilinx/Vivado/2023.2/data/ip/xpm/xpm_memory/hdl/xpm_memory.sv:508]
INFO: [Synth 8-6059] Synth Info: [XPM_MEMORY 20-2] MEMORY_INIT_FILE (none), MEMORY_INIT_PARAM together specify no memory initialization. Initial memory contents will be all 0's.   [/tools/Xilinx/Vivado/2023.2/data/ip/xpm/xpm_memory/hdl/xpm_memory.sv:508]
INFO: [Synth 8-6059] Synth Info: [XPM_MEMORY 20-2] MEMORY_INIT_FILE (none), MEMORY_INIT_PARAM together specify no memory initialization. Initial memory contents will be all 0's.   [/tools/Xilinx/Vivado/2023.2/data/ip/xpm/xpm_memory/hdl/xpm_memory.sv:508]
INFO: [Synth 8-6059] Synth Info: [XPM_MEMORY 20-2] MEMORY_INIT_FILE (none), MEMORY_INIT_PARAM together specify no memory initialization. Initial memory contents will be all 0's.   [/tools/Xilinx/Vivado/2023.2/data/ip/xpm/xpm_memory/hdl/xpm_memory.sv:508]
INFO: [Synth 8-6059] Synth Info: [XPM_MEMORY 20-2] MEMORY_INIT_FILE (none), MEMORY_INIT_PARAM together specify no memory initialization. Initial memory contents will be all 0's.   [/tools/Xilinx/Vivado/2023.2/data/ip/xpm/xpm_memory/hdl/xpm_memory.sv:508]
INFO: [Synth 8-6059] Synth Info: [XPM_MEMORY 20-2] MEMORY_INIT_FILE (none), MEMORY_INIT_PARAM together specify no memory initialization. Initial memory contents will be all 0's.   [/tools/Xilinx/Vivado/2023.2/data/ip/xpm/xpm_memory/hdl/xpm_memory.sv:508]
INFO: [Synth 8-6059] Synth Info: [XPM_MEMORY 20-2] MEMORY_INIT_FILE (none), MEMORY_INIT_PARAM together specify no memory initialization. Initial memory contents will be all 0's.   [/tools/Xilinx/Vivado/2023.2/data/ip/xpm/xpm_memory/hdl/xpm_memory.sv:508]
INFO: [Synth 8-6059] Synth Info: [XPM_MEMORY 20-2] MEMORY_INIT_FILE (none), MEMORY_INIT_PARAM together specify no memory initialization. Initial memory contents will be all 0's.   [/tools/Xilinx/Vivado/2023.2/data/ip/xpm/xpm_memory/hdl/xpm_memory.sv:508]
INFO: [Synth 8-6059] Synth Info: [XPM_MEMORY 20-2] MEMORY_INIT_FILE (none), MEMORY_INIT_PARAM together specify no memory initialization. Initial memory contents will be all 0's.   [/tools/Xilinx/Vivado/2023.2/data/ip/xpm/xpm_memory/hdl/xpm_memory.sv:508]
INFO: [Synth 8-6059] Synth Info: [XPM_MEMORY 20-2] MEMORY_INIT_FILE (none), MEMORY_INIT_PARAM together specify no memory initialization. Initial memory contents will be all 0's.   [/tools/Xilinx/Vivado/2023.2/data/ip/xpm/xpm_memory/hdl/xpm_memory.sv:508]
INFO: [Synth 8-6059] Synth Info: [XPM_MEMORY 20-2] MEMORY_INIT_FILE (none), MEMORY_INIT_PARAM together specify no memory initialization. Initial memory contents will be all 0's.   [/tools/Xilinx/Vivado/2023.2/data/ip/xpm/xpm_memory/hdl/xpm_memory.sv:508]
INFO: [Synth 8-6059] Synth Info: [XPM_MEMORY 20-2] MEMORY_INIT_FILE (none), MEMORY_INIT_PARAM together specify no memory initialization. Initial memory contents will be all 0's.   [/tools/Xilinx/Vivado/2023.2/data/ip/xpm/xpm_memory/hdl/xpm_memory.sv:508]
WARNING: [Synth 8-7071] port 'st_rx_msg_error' of module 'pcie_bd_qdma_0_0_core_top' is unconnected for instance 'inst' [/media/nisitha/My_Passport/MOODLE/P4_Networking/Compiler_design/P4_CMAC_QDMA/p4_cmac_qdma_implt/p4_cmac_qdma_implt.gen/sources_1/bd/pcie_bd/ip/pcie_bd_qdma_0_0/synth/pcie_bd_qdma_0_0.sv:855]
WARNING: [Synth 8-7071] port 'c2h_dsc_byp_ready_0' of module 'pcie_bd_qdma_0_0_core_top' is unconnected for instance 'inst' [/media/nisitha/My_Passport/MOODLE/P4_Networking/Compiler_design/P4_CMAC_QDMA/p4_cmac_qdma_implt/p4_cmac_qdma_implt.gen/sources_1/bd/pcie_bd/ip/pcie_bd_qdma_0_0/synth/pcie_bd_qdma_0_0.sv:855]
WARNING: [Synth 8-7071] port 'c2h_dsc_byp_src_addr_0' of module 'pcie_bd_qdma_0_0_core_top' is unconnected for instance 'inst' [/media/nisitha/My_Passport/MOODLE/P4_Networking/Compiler_design/P4_CMAC_QDMA/p4_cmac_qdma_implt/p4_cmac_qdma_implt.gen/sources_1/bd/pcie_bd/ip/pcie_bd_qdma_0_0/synth/pcie_bd_qdma_0_0.sv:855]
WARNING: [Synth 8-7071] port 'c2h_dsc_byp_dst_addr_0' of module 'pcie_bd_qdma_0_0_core_top' is unconnected for instance 'inst' [/media/nisitha/My_Passport/MOODLE/P4_Networking/Compiler_design/P4_CMAC_QDMA/p4_cmac_qdma_implt/p4_cmac_qdma_implt.gen/sources_1/bd/pcie_bd/ip/pcie_bd_qdma_0_0/synth/pcie_bd_qdma_0_0.sv:855]
WARNING: [Synth 8-7071] port 'c2h_dsc_byp_len_0' of module 'pcie_bd_qdma_0_0_core_top' is unconnected for instance 'inst' [/media/nisitha/My_Passport/MOODLE/P4_Networking/Compiler_design/P4_CMAC_QDMA/p4_cmac_qdma_implt/p4_cmac_qdma_implt.gen/sources_1/bd/pcie_bd/ip/pcie_bd_qdma_0_0/synth/pcie_bd_qdma_0_0.sv:855]
WARNING: [Synth 8-7071] port 'c2h_dsc_byp_ctl_0' of module 'pcie_bd_qdma_0_0_core_top' is unconnected for instance 'inst' [/media/nisitha/My_Passport/MOODLE/P4_Networking/Compiler_design/P4_CMAC_QDMA/p4_cmac_qdma_implt/p4_cmac_qdma_implt.gen/sources_1/bd/pcie_bd/ip/pcie_bd_qdma_0_0/synth/pcie_bd_qdma_0_0.sv:855]
WARNING: [Synth 8-7071] port 'c2h_dsc_byp_load_0' of module 'pcie_bd_qdma_0_0_core_top' is unconnected for instance 'inst' [/media/nisitha/My_Passport/MOODLE/P4_Networking/Compiler_design/P4_CMAC_QDMA/p4_cmac_qdma_implt/p4_cmac_qdma_implt.gen/sources_1/bd/pcie_bd/ip/pcie_bd_qdma_0_0/synth/pcie_bd_qdma_0_0.sv:855]
WARNING: [Synth 8-7071] port 'c2h_dsc_byp_ready_1' of module 'pcie_bd_qdma_0_0_core_top' is unconnected for instance 'inst' [/media/nisitha/My_Passport/MOODLE/P4_Networking/Compiler_design/P4_CMAC_QDMA/p4_cmac_qdma_implt/p4_cmac_qdma_implt.gen/sources_1/bd/pcie_bd/ip/pcie_bd_qdma_0_0/synth/pcie_bd_qdma_0_0.sv:855]
WARNING: [Synth 8-7071] port 'c2h_dsc_byp_src_addr_1' of module 'pcie_bd_qdma_0_0_core_top' is unconnected for instance 'inst' [/media/nisitha/My_Passport/MOODLE/P4_Networking/Compiler_design/P4_CMAC_QDMA/p4_cmac_qdma_implt/p4_cmac_qdma_implt.gen/sources_1/bd/pcie_bd/ip/pcie_bd_qdma_0_0/synth/pcie_bd_qdma_0_0.sv:855]
WARNING: [Synth 8-7071] port 'c2h_dsc_byp_dst_addr_1' of module 'pcie_bd_qdma_0_0_core_top' is unconnected for instance 'inst' [/media/nisitha/My_Passport/MOODLE/P4_Networking/Compiler_design/P4_CMAC_QDMA/p4_cmac_qdma_implt/p4_cmac_qdma_implt.gen/sources_1/bd/pcie_bd/ip/pcie_bd_qdma_0_0/synth/pcie_bd_qdma_0_0.sv:855]
WARNING: [Synth 8-7071] port 'c2h_dsc_byp_len_1' of module 'pcie_bd_qdma_0_0_core_top' is unconnected for instance 'inst' [/media/nisitha/My_Passport/MOODLE/P4_Networking/Compiler_design/P4_CMAC_QDMA/p4_cmac_qdma_implt/p4_cmac_qdma_implt.gen/sources_1/bd/pcie_bd/ip/pcie_bd_qdma_0_0/synth/pcie_bd_qdma_0_0.sv:855]
WARNING: [Synth 8-7071] port 'c2h_dsc_byp_ctl_1' of module 'pcie_bd_qdma_0_0_core_top' is unconnected for instance 'inst' [/media/nisitha/My_Passport/MOODLE/P4_Networking/Compiler_design/P4_CMAC_QDMA/p4_cmac_qdma_implt/p4_cmac_qdma_implt.gen/sources_1/bd/pcie_bd/ip/pcie_bd_qdma_0_0/synth/pcie_bd_qdma_0_0.sv:855]
WARNING: [Synth 8-7071] port 'c2h_dsc_byp_load_1' of module 'pcie_bd_qdma_0_0_core_top' is unconnected for instance 'inst' [/media/nisitha/My_Passport/MOODLE/P4_Networking/Compiler_design/P4_CMAC_QDMA/p4_cmac_qdma_implt/p4_cmac_qdma_implt.gen/sources_1/bd/pcie_bd/ip/pcie_bd_qdma_0_0/synth/pcie_bd_qdma_0_0.sv:855]
WARNING: [Synth 8-7071] port 'c2h_dsc_byp_ready_2' of module 'pcie_bd_qdma_0_0_core_top' is unconnected for instance 'inst' [/media/nisitha/My_Passport/MOODLE/P4_Networking/Compiler_design/P4_CMAC_QDMA/p4_cmac_qdma_implt/p4_cmac_qdma_implt.gen/sources_1/bd/pcie_bd/ip/pcie_bd_qdma_0_0/synth/pcie_bd_qdma_0_0.sv:855]
WARNING: [Synth 8-7071] port 'c2h_dsc_byp_src_addr_2' of module 'pcie_bd_qdma_0_0_core_top' is unconnected for instance 'inst' [/media/nisitha/My_Passport/MOODLE/P4_Networking/Compiler_design/P4_CMAC_QDMA/p4_cmac_qdma_implt/p4_cmac_qdma_implt.gen/sources_1/bd/pcie_bd/ip/pcie_bd_qdma_0_0/synth/pcie_bd_qdma_0_0.sv:855]
WARNING: [Synth 8-7071] port 'c2h_dsc_byp_dst_addr_2' of module 'pcie_bd_qdma_0_0_core_top' is unconnected for instance 'inst' [/media/nisitha/My_Passport/MOODLE/P4_Networking/Compiler_design/P4_CMAC_QDMA/p4_cmac_qdma_implt/p4_cmac_qdma_implt.gen/sources_1/bd/pcie_bd/ip/pcie_bd_qdma_0_0/synth/pcie_bd_qdma_0_0.sv:855]
WARNING: [Synth 8-7071] port 'c2h_dsc_byp_len_2' of module 'pcie_bd_qdma_0_0_core_top' is unconnected for instance 'inst' [/media/nisitha/My_Passport/MOODLE/P4_Networking/Compiler_design/P4_CMAC_QDMA/p4_cmac_qdma_implt/p4_cmac_qdma_implt.gen/sources_1/bd/pcie_bd/ip/pcie_bd_qdma_0_0/synth/pcie_bd_qdma_0_0.sv:855]
WARNING: [Synth 8-7071] port 'c2h_dsc_byp_ctl_2' of module 'pcie_bd_qdma_0_0_core_top' is unconnected for instance 'inst' [/media/nisitha/My_Passport/MOODLE/P4_Networking/Compiler_design/P4_CMAC_QDMA/p4_cmac_qdma_implt/p4_cmac_qdma_implt.gen/sources_1/bd/pcie_bd/ip/pcie_bd_qdma_0_0/synth/pcie_bd_qdma_0_0.sv:855]
WARNING: [Synth 8-7071] port 'c2h_dsc_byp_load_2' of module 'pcie_bd_qdma_0_0_core_top' is unconnected for instance 'inst' [/media/nisitha/My_Passport/MOODLE/P4_Networking/Compiler_design/P4_CMAC_QDMA/p4_cmac_qdma_implt/p4_cmac_qdma_implt.gen/sources_1/bd/pcie_bd/ip/pcie_bd_qdma_0_0/synth/pcie_bd_qdma_0_0.sv:855]
WARNING: [Synth 8-7071] port 'c2h_dsc_byp_ready_3' of module 'pcie_bd_qdma_0_0_core_top' is unconnected for instance 'inst' [/media/nisitha/My_Passport/MOODLE/P4_Networking/Compiler_design/P4_CMAC_QDMA/p4_cmac_qdma_implt/p4_cmac_qdma_implt.gen/sources_1/bd/pcie_bd/ip/pcie_bd_qdma_0_0/synth/pcie_bd_qdma_0_0.sv:855]
WARNING: [Synth 8-7071] port 'c2h_dsc_byp_src_addr_3' of module 'pcie_bd_qdma_0_0_core_top' is unconnected for instance 'inst' [/media/nisitha/My_Passport/MOODLE/P4_Networking/Compiler_design/P4_CMAC_QDMA/p4_cmac_qdma_implt/p4_cmac_qdma_implt.gen/sources_1/bd/pcie_bd/ip/pcie_bd_qdma_0_0/synth/pcie_bd_qdma_0_0.sv:855]
WARNING: [Synth 8-7071] port 'c2h_dsc_byp_dst_addr_3' of module 'pcie_bd_qdma_0_0_core_top' is unconnected for instance 'inst' [/media/nisitha/My_Passport/MOODLE/P4_Networking/Compiler_design/P4_CMAC_QDMA/p4_cmac_qdma_implt/p4_cmac_qdma_implt.gen/sources_1/bd/pcie_bd/ip/pcie_bd_qdma_0_0/synth/pcie_bd_qdma_0_0.sv:855]
WARNING: [Synth 8-7071] port 'c2h_dsc_byp_len_3' of module 'pcie_bd_qdma_0_0_core_top' is unconnected for instance 'inst' [/media/nisitha/My_Passport/MOODLE/P4_Networking/Compiler_design/P4_CMAC_QDMA/p4_cmac_qdma_implt/p4_cmac_qdma_implt.gen/sources_1/bd/pcie_bd/ip/pcie_bd_qdma_0_0/synth/pcie_bd_qdma_0_0.sv:855]
WARNING: [Synth 8-7071] port 'c2h_dsc_byp_ctl_3' of module 'pcie_bd_qdma_0_0_core_top' is unconnected for instance 'inst' [/media/nisitha/My_Passport/MOODLE/P4_Networking/Compiler_design/P4_CMAC_QDMA/p4_cmac_qdma_implt/p4_cmac_qdma_implt.gen/sources_1/bd/pcie_bd/ip/pcie_bd_qdma_0_0/synth/pcie_bd_qdma_0_0.sv:855]
WARNING: [Synth 8-7071] port 'c2h_dsc_byp_load_3' of module 'pcie_bd_qdma_0_0_core_top' is unconnected for instance 'inst' [/media/nisitha/My_Passport/MOODLE/P4_Networking/Compiler_design/P4_CMAC_QDMA/p4_cmac_qdma_implt/p4_cmac_qdma_implt.gen/sources_1/bd/pcie_bd/ip/pcie_bd_qdma_0_0/synth/pcie_bd_qdma_0_0.sv:855]
WARNING: [Synth 8-7071] port 'h2c_dsc_byp_ready_0' of module 'pcie_bd_qdma_0_0_core_top' is unconnected for instance 'inst' [/media/nisitha/My_Passport/MOODLE/P4_Networking/Compiler_design/P4_CMAC_QDMA/p4_cmac_qdma_implt/p4_cmac_qdma_implt.gen/sources_1/bd/pcie_bd/ip/pcie_bd_qdma_0_0/synth/pcie_bd_qdma_0_0.sv:855]
WARNING: [Synth 8-7071] port 'h2c_dsc_byp_src_addr_0' of module 'pcie_bd_qdma_0_0_core_top' is unconnected for instance 'inst' [/media/nisitha/My_Passport/MOODLE/P4_Networking/Compiler_design/P4_CMAC_QDMA/p4_cmac_qdma_implt/p4_cmac_qdma_implt.gen/sources_1/bd/pcie_bd/ip/pcie_bd_qdma_0_0/synth/pcie_bd_qdma_0_0.sv:855]
WARNING: [Synth 8-7071] port 'h2c_dsc_byp_dst_addr_0' of module 'pcie_bd_qdma_0_0_core_top' is unconnected for instance 'inst' [/media/nisitha/My_Passport/MOODLE/P4_Networking/Compiler_design/P4_CMAC_QDMA/p4_cmac_qdma_implt/p4_cmac_qdma_implt.gen/sources_1/bd/pcie_bd/ip/pcie_bd_qdma_0_0/synth/pcie_bd_qdma_0_0.sv:855]
WARNING: [Synth 8-7071] port 'h2c_dsc_byp_len_0' of module 'pcie_bd_qdma_0_0_core_top' is unconnected for instance 'inst' [/media/nisitha/My_Passport/MOODLE/P4_Networking/Compiler_design/P4_CMAC_QDMA/p4_cmac_qdma_implt/p4_cmac_qdma_implt.gen/sources_1/bd/pcie_bd/ip/pcie_bd_qdma_0_0/synth/pcie_bd_qdma_0_0.sv:855]
WARNING: [Synth 8-7071] port 'h2c_dsc_byp_ctl_0' of module 'pcie_bd_qdma_0_0_core_top' is unconnected for instance 'inst' [/media/nisitha/My_Passport/MOODLE/P4_Networking/Compiler_design/P4_CMAC_QDMA/p4_cmac_qdma_implt/p4_cmac_qdma_implt.gen/sources_1/bd/pcie_bd/ip/pcie_bd_qdma_0_0/synth/pcie_bd_qdma_0_0.sv:855]
WARNING: [Synth 8-7071] port 'h2c_dsc_byp_load_0' of module 'pcie_bd_qdma_0_0_core_top' is unconnected for instance 'inst' [/media/nisitha/My_Passport/MOODLE/P4_Networking/Compiler_design/P4_CMAC_QDMA/p4_cmac_qdma_implt/p4_cmac_qdma_implt.gen/sources_1/bd/pcie_bd/ip/pcie_bd_qdma_0_0/synth/pcie_bd_qdma_0_0.sv:855]
WARNING: [Synth 8-7071] port 'h2c_dsc_byp_ready_1' of module 'pcie_bd_qdma_0_0_core_top' is unconnected for instance 'inst' [/media/nisitha/My_Passport/MOODLE/P4_Networking/Compiler_design/P4_CMAC_QDMA/p4_cmac_qdma_implt/p4_cmac_qdma_implt.gen/sources_1/bd/pcie_bd/ip/pcie_bd_qdma_0_0/synth/pcie_bd_qdma_0_0.sv:855]
WARNING: [Synth 8-7071] port 'h2c_dsc_byp_src_addr_1' of module 'pcie_bd_qdma_0_0_core_top' is unconnected for instance 'inst' [/media/nisitha/My_Passport/MOODLE/P4_Networking/Compiler_design/P4_CMAC_QDMA/p4_cmac_qdma_implt/p4_cmac_qdma_implt.gen/sources_1/bd/pcie_bd/ip/pcie_bd_qdma_0_0/synth/pcie_bd_qdma_0_0.sv:855]
WARNING: [Synth 8-7071] port 'h2c_dsc_byp_dst_addr_1' of module 'pcie_bd_qdma_0_0_core_top' is unconnected for instance 'inst' [/media/nisitha/My_Passport/MOODLE/P4_Networking/Compiler_design/P4_CMAC_QDMA/p4_cmac_qdma_implt/p4_cmac_qdma_implt.gen/sources_1/bd/pcie_bd/ip/pcie_bd_qdma_0_0/synth/pcie_bd_qdma_0_0.sv:855]
WARNING: [Synth 8-7071] port 'h2c_dsc_byp_len_1' of module 'pcie_bd_qdma_0_0_core_top' is unconnected for instance 'inst' [/media/nisitha/My_Passport/MOODLE/P4_Networking/Compiler_design/P4_CMAC_QDMA/p4_cmac_qdma_implt/p4_cmac_qdma_implt.gen/sources_1/bd/pcie_bd/ip/pcie_bd_qdma_0_0/synth/pcie_bd_qdma_0_0.sv:855]
WARNING: [Synth 8-7071] port 'h2c_dsc_byp_ctl_1' of module 'pcie_bd_qdma_0_0_core_top' is unconnected for instance 'inst' [/media/nisitha/My_Passport/MOODLE/P4_Networking/Compiler_design/P4_CMAC_QDMA/p4_cmac_qdma_implt/p4_cmac_qdma_implt.gen/sources_1/bd/pcie_bd/ip/pcie_bd_qdma_0_0/synth/pcie_bd_qdma_0_0.sv:855]
WARNING: [Synth 8-7071] port 'h2c_dsc_byp_load_1' of module 'pcie_bd_qdma_0_0_core_top' is unconnected for instance 'inst' [/media/nisitha/My_Passport/MOODLE/P4_Networking/Compiler_design/P4_CMAC_QDMA/p4_cmac_qdma_implt/p4_cmac_qdma_implt.gen/sources_1/bd/pcie_bd/ip/pcie_bd_qdma_0_0/synth/pcie_bd_qdma_0_0.sv:855]
WARNING: [Synth 8-7071] port 'h2c_dsc_byp_ready_2' of module 'pcie_bd_qdma_0_0_core_top' is unconnected for instance 'inst' [/media/nisitha/My_Passport/MOODLE/P4_Networking/Compiler_design/P4_CMAC_QDMA/p4_cmac_qdma_implt/p4_cmac_qdma_implt.gen/sources_1/bd/pcie_bd/ip/pcie_bd_qdma_0_0/synth/pcie_bd_qdma_0_0.sv:855]
WARNING: [Synth 8-7071] port 'h2c_dsc_byp_src_addr_2' of module 'pcie_bd_qdma_0_0_core_top' is unconnected for instance 'inst' [/media/nisitha/My_Passport/MOODLE/P4_Networking/Compiler_design/P4_CMAC_QDMA/p4_cmac_qdma_implt/p4_cmac_qdma_implt.gen/sources_1/bd/pcie_bd/ip/pcie_bd_qdma_0_0/synth/pcie_bd_qdma_0_0.sv:855]
WARNING: [Synth 8-7071] port 'h2c_dsc_byp_dst_addr_2' of module 'pcie_bd_qdma_0_0_core_top' is unconnected for instance 'inst' [/media/nisitha/My_Passport/MOODLE/P4_Networking/Compiler_design/P4_CMAC_QDMA/p4_cmac_qdma_implt/p4_cmac_qdma_implt.gen/sources_1/bd/pcie_bd/ip/pcie_bd_qdma_0_0/synth/pcie_bd_qdma_0_0.sv:855]
WARNING: [Synth 8-7071] port 'h2c_dsc_byp_len_2' of module 'pcie_bd_qdma_0_0_core_top' is unconnected for instance 'inst' [/media/nisitha/My_Passport/MOODLE/P4_Networking/Compiler_design/P4_CMAC_QDMA/p4_cmac_qdma_implt/p4_cmac_qdma_implt.gen/sources_1/bd/pcie_bd/ip/pcie_bd_qdma_0_0/synth/pcie_bd_qdma_0_0.sv:855]
WARNING: [Synth 8-7071] port 'h2c_dsc_byp_ctl_2' of module 'pcie_bd_qdma_0_0_core_top' is unconnected for instance 'inst' [/media/nisitha/My_Passport/MOODLE/P4_Networking/Compiler_design/P4_CMAC_QDMA/p4_cmac_qdma_implt/p4_cmac_qdma_implt.gen/sources_1/bd/pcie_bd/ip/pcie_bd_qdma_0_0/synth/pcie_bd_qdma_0_0.sv:855]
WARNING: [Synth 8-7071] port 'h2c_dsc_byp_load_2' of module 'pcie_bd_qdma_0_0_core_top' is unconnected for instance 'inst' [/media/nisitha/My_Passport/MOODLE/P4_Networking/Compiler_design/P4_CMAC_QDMA/p4_cmac_qdma_implt/p4_cmac_qdma_implt.gen/sources_1/bd/pcie_bd/ip/pcie_bd_qdma_0_0/synth/pcie_bd_qdma_0_0.sv:855]
WARNING: [Synth 8-7071] port 'h2c_dsc_byp_ready_3' of module 'pcie_bd_qdma_0_0_core_top' is unconnected for instance 'inst' [/media/nisitha/My_Passport/MOODLE/P4_Networking/Compiler_design/P4_CMAC_QDMA/p4_cmac_qdma_implt/p4_cmac_qdma_implt.gen/sources_1/bd/pcie_bd/ip/pcie_bd_qdma_0_0/synth/pcie_bd_qdma_0_0.sv:855]
WARNING: [Synth 8-7071] port 'h2c_dsc_byp_src_addr_3' of module 'pcie_bd_qdma_0_0_core_top' is unconnected for instance 'inst' [/media/nisitha/My_Passport/MOODLE/P4_Networking/Compiler_design/P4_CMAC_QDMA/p4_cmac_qdma_implt/p4_cmac_qdma_implt.gen/sources_1/bd/pcie_bd/ip/pcie_bd_qdma_0_0/synth/pcie_bd_qdma_0_0.sv:855]
WARNING: [Synth 8-7071] port 'h2c_dsc_byp_dst_addr_3' of module 'pcie_bd_qdma_0_0_core_top' is unconnected for instance 'inst' [/media/nisitha/My_Passport/MOODLE/P4_Networking/Compiler_design/P4_CMAC_QDMA/p4_cmac_qdma_implt/p4_cmac_qdma_implt.gen/sources_1/bd/pcie_bd/ip/pcie_bd_qdma_0_0/synth/pcie_bd_qdma_0_0.sv:855]
WARNING: [Synth 8-7071] port 'h2c_dsc_byp_len_3' of module 'pcie_bd_qdma_0_0_core_top' is unconnected for instance 'inst' [/media/nisitha/My_Passport/MOODLE/P4_Networking/Compiler_design/P4_CMAC_QDMA/p4_cmac_qdma_implt/p4_cmac_qdma_implt.gen/sources_1/bd/pcie_bd/ip/pcie_bd_qdma_0_0/synth/pcie_bd_qdma_0_0.sv:855]
WARNING: [Synth 8-7071] port 'h2c_dsc_byp_ctl_3' of module 'pcie_bd_qdma_0_0_core_top' is unconnected for instance 'inst' [/media/nisitha/My_Passport/MOODLE/P4_Networking/Compiler_design/P4_CMAC_QDMA/p4_cmac_qdma_implt/p4_cmac_qdma_implt.gen/sources_1/bd/pcie_bd/ip/pcie_bd_qdma_0_0/synth/pcie_bd_qdma_0_0.sv:855]
WARNING: [Synth 8-7071] port 'h2c_dsc_byp_load_3' of module 'pcie_bd_qdma_0_0_core_top' is unconnected for instance 'inst' [/media/nisitha/My_Passport/MOODLE/P4_Networking/Compiler_design/P4_CMAC_QDMA/p4_cmac_qdma_implt/p4_cmac_qdma_implt.gen/sources_1/bd/pcie_bd/ip/pcie_bd_qdma_0_0/synth/pcie_bd_qdma_0_0.sv:855]
WARNING: [Synth 8-7071] port 'c2h_sts_0' of module 'pcie_bd_qdma_0_0_core_top' is unconnected for instance 'inst' [/media/nisitha/My_Passport/MOODLE/P4_Networking/Compiler_design/P4_CMAC_QDMA/p4_cmac_qdma_implt/p4_cmac_qdma_implt.gen/sources_1/bd/pcie_bd/ip/pcie_bd_qdma_0_0/synth/pcie_bd_qdma_0_0.sv:855]
WARNING: [Synth 8-7071] port 'h2c_sts_0' of module 'pcie_bd_qdma_0_0_core_top' is unconnected for instance 'inst' [/media/nisitha/My_Passport/MOODLE/P4_Networking/Compiler_design/P4_CMAC_QDMA/p4_cmac_qdma_implt/p4_cmac_qdma_implt.gen/sources_1/bd/pcie_bd/ip/pcie_bd_qdma_0_0/synth/pcie_bd_qdma_0_0.sv:855]
WARNING: [Synth 8-7071] port 'c2h_sts_1' of module 'pcie_bd_qdma_0_0_core_top' is unconnected for instance 'inst' [/media/nisitha/My_Passport/MOODLE/P4_Networking/Compiler_design/P4_CMAC_QDMA/p4_cmac_qdma_implt/p4_cmac_qdma_implt.gen/sources_1/bd/pcie_bd/ip/pcie_bd_qdma_0_0/synth/pcie_bd_qdma_0_0.sv:855]
WARNING: [Synth 8-7071] port 'h2c_sts_1' of module 'pcie_bd_qdma_0_0_core_top' is unconnected for instance 'inst' [/media/nisitha/My_Passport/MOODLE/P4_Networking/Compiler_design/P4_CMAC_QDMA/p4_cmac_qdma_implt/p4_cmac_qdma_implt.gen/sources_1/bd/pcie_bd/ip/pcie_bd_qdma_0_0/synth/pcie_bd_qdma_0_0.sv:855]
WARNING: [Synth 8-7071] port 'c2h_sts_2' of module 'pcie_bd_qdma_0_0_core_top' is unconnected for instance 'inst' [/media/nisitha/My_Passport/MOODLE/P4_Networking/Compiler_design/P4_CMAC_QDMA/p4_cmac_qdma_implt/p4_cmac_qdma_implt.gen/sources_1/bd/pcie_bd/ip/pcie_bd_qdma_0_0/synth/pcie_bd_qdma_0_0.sv:855]
WARNING: [Synth 8-7071] port 'h2c_sts_2' of module 'pcie_bd_qdma_0_0_core_top' is unconnected for instance 'inst' [/media/nisitha/My_Passport/MOODLE/P4_Networking/Compiler_design/P4_CMAC_QDMA/p4_cmac_qdma_implt/p4_cmac_qdma_implt.gen/sources_1/bd/pcie_bd/ip/pcie_bd_qdma_0_0/synth/pcie_bd_qdma_0_0.sv:855]
WARNING: [Synth 8-7071] port 'c2h_sts_3' of module 'pcie_bd_qdma_0_0_core_top' is unconnected for instance 'inst' [/media/nisitha/My_Passport/MOODLE/P4_Networking/Compiler_design/P4_CMAC_QDMA/p4_cmac_qdma_implt/p4_cmac_qdma_implt.gen/sources_1/bd/pcie_bd/ip/pcie_bd_qdma_0_0/synth/pcie_bd_qdma_0_0.sv:855]
WARNING: [Synth 8-7071] port 'h2c_sts_3' of module 'pcie_bd_qdma_0_0_core_top' is unconnected for instance 'inst' [/media/nisitha/My_Passport/MOODLE/P4_Networking/Compiler_design/P4_CMAC_QDMA/p4_cmac_qdma_implt/p4_cmac_qdma_implt.gen/sources_1/bd/pcie_bd/ip/pcie_bd_qdma_0_0/synth/pcie_bd_qdma_0_0.sv:855]
WARNING: [Synth 8-7071] port 'mdma_c2h_st_mhost_feedback_pld_order' of module 'pcie_bd_qdma_0_0_core_top' is unconnected for instance 'inst' [/media/nisitha/My_Passport/MOODLE/P4_Networking/Compiler_design/P4_CMAC_QDMA/p4_cmac_qdma_implt/p4_cmac_qdma_implt.gen/sources_1/bd/pcie_bd/ip/pcie_bd_qdma_0_0/synth/pcie_bd_qdma_0_0.sv:855]
WARNING: [Synth 8-7071] port 'mdma_c2h_st_mhost_feedback_smpl_byp_rd_out' of module 'pcie_bd_qdma_0_0_core_top' is unconnected for instance 'inst' [/media/nisitha/My_Passport/MOODLE/P4_Networking/Compiler_design/P4_CMAC_QDMA/p4_cmac_qdma_implt/p4_cmac_qdma_implt.gen/sources_1/bd/pcie_bd/ip/pcie_bd_qdma_0_0/synth/pcie_bd_qdma_0_0.sv:855]
WARNING: [Synth 8-7071] port 'usr_flr_clr' of module 'pcie_bd_qdma_0_0_core_top' is unconnected for instance 'inst' [/media/nisitha/My_Passport/MOODLE/P4_Networking/Compiler_design/P4_CMAC_QDMA/p4_cmac_qdma_implt/p4_cmac_qdma_implt.gen/sources_1/bd/pcie_bd/ip/pcie_bd_qdma_0_0/synth/pcie_bd_qdma_0_0.sv:855]
WARNING: [Synth 8-7071] port 'pipe_tx0_rcvr_det' of module 'pcie_bd_qdma_0_0_core_top' is unconnected for instance 'inst' [/media/nisitha/My_Passport/MOODLE/P4_Networking/Compiler_design/P4_CMAC_QDMA/p4_cmac_qdma_implt/p4_cmac_qdma_implt.gen/sources_1/bd/pcie_bd/ip/pcie_bd_qdma_0_0/synth/pcie_bd_qdma_0_0.sv:855]
WARNING: [Synth 8-7071] port 'pipe_clk' of module 'pcie_bd_qdma_0_0_core_top' is unconnected for instance 'inst' [/media/nisitha/My_Passport/MOODLE/P4_Networking/Compiler_design/P4_CMAC_QDMA/p4_cmac_qdma_implt/p4_cmac_qdma_implt.gen/sources_1/bd/pcie_bd/ip/pcie_bd_qdma_0_0/synth/pcie_bd_qdma_0_0.sv:855]
WARNING: [Synth 8-7071] port 'sys_clk_bufg' of module 'pcie_bd_qdma_0_0_core_top' is unconnected for instance 'inst' [/media/nisitha/My_Passport/MOODLE/P4_Networking/Compiler_design/P4_CMAC_QDMA/p4_cmac_qdma_implt/p4_cmac_qdma_implt.gen/sources_1/bd/pcie_bd/ip/pcie_bd_qdma_0_0/synth/pcie_bd_qdma_0_0.sv:855]
WARNING: [Synth 8-7071] port 'pipe_tx0_powerdown' of module 'pcie_bd_qdma_0_0_core_top' is unconnected for instance 'inst' [/media/nisitha/My_Passport/MOODLE/P4_Networking/Compiler_design/P4_CMAC_QDMA/p4_cmac_qdma_implt/p4_cmac_qdma_implt.gen/sources_1/bd/pcie_bd/ip/pcie_bd_qdma_0_0/synth/pcie_bd_qdma_0_0.sv:855]
WARNING: [Synth 8-7071] port 'cfg_interrupt_msix_enable' of module 'pcie_bd_qdma_0_0_core_top' is unconnected for instance 'inst' [/media/nisitha/My_Passport/MOODLE/P4_Networking/Compiler_design/P4_CMAC_QDMA/p4_cmac_qdma_implt/p4_cmac_qdma_implt.gen/sources_1/bd/pcie_bd/ip/pcie_bd_qdma_0_0/synth/pcie_bd_qdma_0_0.sv:855]
WARNING: [Synth 8-7071] port 'cfg_fc_vc_sel' of module 'pcie_bd_qdma_0_0_core_top' is unconnected for instance 'inst' [/media/nisitha/My_Passport/MOODLE/P4_Networking/Compiler_design/P4_CMAC_QDMA/p4_cmac_qdma_implt/p4_cmac_qdma_implt.gen/sources_1/bd/pcie_bd/ip/pcie_bd_qdma_0_0/synth/pcie_bd_qdma_0_0.sv:855]
WARNING: [Synth 8-7023] instance 'inst' of module 'pcie_bd_qdma_0_0_core_top' has 1508 connections declared, but only 1442 given [/media/nisitha/My_Passport/MOODLE/P4_Networking/Compiler_design/P4_CMAC_QDMA/p4_cmac_qdma_implt/p4_cmac_qdma_implt.gen/sources_1/bd/pcie_bd/ip/pcie_bd_qdma_0_0/synth/pcie_bd_qdma_0_0.sv:855]
