INFO: [VRFC 10-2263] Analyzing Verilog file "/media/nisitha/My_Passport/MOODLE/P4_Networking/Compiler_design/P4_CMAC_QDMA/pcie_implt/pcie_implt/pcie_implt/pcie_implt.ip_user_files/bd/pcie_block/ip/pcie_block_axi_pcie_0_0/hdl/axi_pcie_v2_9_10_pcie_7x_v2_0_2_pipe_clock.v" into library xil_defaultlib
INFO: [VRFC 10-311] analyzing module axi_pcie_v2_9_10_pcie_7x_v2_0_2_pipe_clock
INFO: [VRFC 10-2263] Analyzing Verilog file "/media/nisitha/My_Passport/MOODLE/P4_Networking/Compiler_design/P4_CMAC_QDMA/pcie_implt/pcie_implt/pcie_implt/pcie_implt.ip_user_files/bd/pcie_block/ip/pcie_block_axi_pcie_0_0/hdl/axi_pcie_v2_9_10_pcie_7x_v2_0_2_qpll_wrapper.v" into library xil_defaultlib
INFO: [VRFC 10-311] analyzing module axi_pcie_v2_9_10_pcie_7x_v2_0_2_qpll_wrapper
INFO: [VRFC 10-2263] Analyzing Verilog file "/media/nisitha/My_Passport/MOODLE/P4_Networking/Compiler_design/P4_CMAC_QDMA/pcie_implt/pcie_implt/pcie_implt/pcie_implt.ip_user_files/bd/pcie_block/ip/pcie_block_axi_pcie_0_0/hdl/axi_pcie_v2_9_10_pcie_7x_v2_0_2_gt_common.v" into library xil_defaultlib
INFO: [VRFC 10-311] analyzing module axi_pcie_v2_9_10_pcie_7x_v2_0_2_gt_common
INFO: [VRFC 10-2263] Analyzing Verilog file "/media/nisitha/My_Passport/MOODLE/P4_Networking/Compiler_design/P4_CMAC_QDMA/pcie_implt/pcie_implt/pcie_implt/pcie_implt.ip_user_files/bd/pcie_block/ip/pcie_block_axi_pcie_0_0/hdl/axi_pcie_v2_9_10_pcie_7x_v2_0_2_qpll_drp.v" into library xil_defaultlib
INFO: [VRFC 10-311] analyzing module axi_pcie_v2_9_10_pcie_7x_v2_0_2_qpll_drp
INFO: [VRFC 10-2263] Analyzing Verilog file "/media/nisitha/My_Passport/MOODLE/P4_Networking/Compiler_design/P4_CMAC_QDMA/pcie_implt/pcie_implt/pcie_implt/pcie_implt.ip_user_files/bd/pcie_block/ip/pcie_block_axi_pcie_0_0/hdl/axi_pcie_v2_9_10_pcie_7x_v2_0_2_gtp_cpllpd_ovrd.v" into library xil_defaultlib
INFO: [VRFC 10-311] analyzing module axi_pcie_v2_9_10_pcie_7x_v2_0_2_gtp_cpllpd_ovrd
INFO: [VRFC 10-2263] Analyzing Verilog file "/media/nisitha/My_Passport/MOODLE/P4_Networking/Compiler_design/P4_CMAC_QDMA/pcie_implt/pcie_implt/pcie_implt/pcie_implt.ip_user_files/bd/pcie_block/ip/pcie_block_axi_pcie_0_0/hdl/pcie_block_axi_pcie_0_0_pcie_7x_v2_0_2.v" into library xil_defaultlib
INFO: [VRFC 10-311] analyzing module axi_pcie_v2_9_10_pcie_7x_v2_0_2
INFO: [VRFC 10-2263] Analyzing Verilog file "/media/nisitha/My_Passport/MOODLE/P4_Networking/Compiler_design/P4_CMAC_QDMA/pcie_implt/pcie_implt/pcie_implt/pcie_implt.ip_user_files/bd/pcie_block/ip/pcie_block_axi_pcie_0_0/sim/pcie_block_axi_pcie_0_0.v" into library xil_defaultlib
INFO: [VRFC 10-311] analyzing module pcie_block_axi_pcie_0_0
INFO: [VRFC 10-2263] Analyzing Verilog file "/media/nisitha/My_Passport/MOODLE/P4_Networking/Compiler_design/P4_CMAC_QDMA/pcie_implt/pcie_implt/pcie_implt/pcie_implt.ip_user_files/bd/pcie_block/ip/pcie_block_axi_amm_bridge_0_0/sim/pcie_block_axi_amm_bridge_0_0.v" into library xil_defaultlib
INFO: [VRFC 10-311] analyzing module pcie_block_axi_amm_bridge_0_0
INFO: [VRFC 10-163] Analyzing VHDL file "/media/nisitha/My_Passport/MOODLE/P4_Networking/Compiler_design/P4_CMAC_QDMA/pcie_implt/pcie_implt/pcie_implt/pcie_implt.ip_user_files/bd/pcie_block/sim/pcie_block.vhd" into library xil_defaultlib
INFO: [VRFC 10-3107] analyzing entity 's00_couplers_imp_1QAG0ML'
INFO: [VRFC 10-3107] analyzing entity 'pcie_block_axi_interconnect_0_0'
INFO: [VRFC 10-3107] analyzing entity 'pcie_block'
INFO: [VRFC 10-163] Analyzing VHDL file "/media/nisitha/My_Passport/MOODLE/P4_Networking/Compiler_design/P4_CMAC_QDMA/pcie_implt/pcie_implt/pcie_implt/pcie_implt.gen/sources_1/bd/pcie_block/hdl/pcie_block_wrapper.vhd" into library xil_defaultlib
INFO: [VRFC 10-3107] analyzing entity 'pcie_block_wrapper'
